<?xml version="1.0" encoding="UTF-8"?>
<!-- Generated by org.testng.reporters.JUnitReportReporter -->
<testsuite hostname="Tricky" failures="0" tests="1" name="DemoBatch.FirstTab" time="11.278" errors="0" timestamp="2023-03-19T21:35:30 EDT" skipped="0">
  <testcase classname="DemoBatch.FirstTab" name="invokeBrowser" time="11.278"/>
  <system-out/>
</testsuite> <!-- DemoBatch.FirstTab -->
