<?xml version="1.0" encoding="UTF-8"?>
<!-- Generated by org.testng.reporters.JUnitReportReporter -->
<testsuite hostname="Tricky" failures="0" tests="1" name="DemoBatch.SecondTab" time="10.771" errors="0" timestamp="2023-03-19T21:35:30 EDT" skipped="0">
  <testcase classname="DemoBatch.SecondTab" name="invokeBrowser1" time="10.771"/>
  <system-out/>
</testsuite> <!-- DemoBatch.SecondTab -->
